2020-02-01 00:50:30: server is running on 3000 port
2020-02-01 00:50:33: server/app on request, url=> /verify
2020-02-01 00:50:33: server/app on request, url=> /verify
2020-02-01 00:50:33: loadUploadedChunks => []
2020-02-01 00:52:18: server is running on 3000 port
2020-02-01 00:52:48: server is running on 3000 port
2020-02-01 00:53:02: server is running on 3000 port
2020-02-01 00:54:01: server is running on 3000 port
2020-02-01 00:54:04: server is running on 3000 port
2020-02-01 00:54:33: server is running on 3000 port
2020-02-01 00:55:06: server is running on 3000 port
2020-02-01 00:55:13: server is running on 3000 port
2020-02-01 00:55:29: server/app on request, url=> /verify
2020-02-01 00:55:29: server/app on request, url=> /verify
2020-02-01 00:55:29: server/app verify start...
2020-02-01 00:55:29: loadUploadedChunks => []
2020-02-01 00:55:29: server/app verify end
2020-02-01 00:55:29: server/app on request, url=> /fileUpload
2020-02-01 00:55:29: server/app on request, url=> /fileUpload
2020-02-01 00:55:29: server/app on request, url=> /fileUpload
2020-02-01 00:55:29: server/app on request, url=> /fileUpload
2020-02-01 00:55:29: server/app on request, url=> /fileUpload
2020-02-01 00:55:29: server/app on request, url=> /fileUpload
2020-02-01 00:55:29: server/app on request, url=> /fileUpload
2020-02-01 00:55:29: server/app on request, url=> /fileUpload
2020-02-01 00:55:29: server/app on request, url=> /fileUpload
2020-02-01 00:55:29: server/app on request, url=> /fileUpload
2020-02-01 00:55:29: server/app on request, url=> /fileUpload
2020-02-01 00:55:29: server/app on request, url=> /fileUpload
2020-02-01 00:55:29: server/app on request, url=> /fileUpload
2020-02-01 00:55:29: server/app on request, url=> /fileUpload
2020-02-01 00:55:29: server/app on request, url=> /fileUpload
2020-02-01 00:55:29: server/app on request, url=> /fileUpload
2020-02-01 00:55:30: server/app fileUpload start...
2020-02-01 00:55:30: server/app fileUpload start...
2020-02-01 00:55:30: server/app fileUpload end
2020-02-01 00:55:30: server/app on request, url=> /fileUpload
2020-02-01 00:55:30: server/app fileUpload end
2020-02-01 00:55:30: server/app on request, url=> /fileUpload
2020-02-01 00:55:30: server/app fileUpload start...
2020-02-01 00:55:30: server/app fileUpload start...
2020-02-01 00:55:30: server/app fileUpload end
2020-02-01 00:55:30: server/app fileUpload end
2020-02-01 00:55:30: server/app on request, url=> /fileUpload
2020-02-01 00:55:30: server/app on request, url=> /fileUpload
2020-02-01 00:55:30: server/app fileUpload start...
2020-02-01 00:55:30: server/app fileUpload end
2020-02-01 00:55:30: server/app fileUpload start...
2020-02-01 00:55:30: server/app fileUpload end
2020-02-01 00:55:30: server is running on 3000 port
